#! /usr/local/bin/vvp
:ivl_version "11.0 (devel)";
:ivl_delay_selection "TYPICAL";
:vpi_time_precision - 12;
:vpi_module "system";
:vpi_module "vhdl_sys";
:vpi_module "vhdl_textio";
:vpi_module "v2005_math";
:vpi_module "va_math";
:vpi_module "v2009";
S_0x55baa87ebf00 .scope package, "$unit" "$unit" 2 1;
 .timescale 0 0;
S_0x55baa87e8cd0 .scope module, "xtop_tb" "xtop_tb" 3 5;
 .timescale -9 -12;
P_0x55baa8738b90 .param/l "clk_period" 0 3 8, +C4<00000000000000000000000000001010>;
v0x55baa880d8f0_0 .array/port v0x55baa880d8f0, 0;
L_0x55baa8829de0 .functor BUFZ 32, v0x55baa880d8f0_0, C4<00000000000000000000000000000000>, C4<00000000000000000000000000000000>, C4<00000000000000000000000000000000>;
v0x55baa880d8f0_1 .array/port v0x55baa880d8f0, 1;
L_0x55baa8829e50 .functor BUFZ 32, v0x55baa880d8f0_1, C4<00000000000000000000000000000000>, C4<00000000000000000000000000000000>, C4<00000000000000000000000000000000>;
v0x55baa880d8f0_2 .array/port v0x55baa880d8f0, 2;
L_0x55baa8829f20 .functor BUFZ 32, v0x55baa880d8f0_2, C4<00000000000000000000000000000000>, C4<00000000000000000000000000000000>, C4<00000000000000000000000000000000>;
v0x55baa880d8f0_3 .array/port v0x55baa880d8f0, 3;
L_0x55baa8829ff0 .functor BUFZ 32, v0x55baa880d8f0_3, C4<00000000000000000000000000000000>, C4<00000000000000000000000000000000>, C4<00000000000000000000000000000000>;
v0x55baa880d8f0_4 .array/port v0x55baa880d8f0, 4;
L_0x55baa882a0f0 .functor BUFZ 32, v0x55baa880d8f0_4, C4<00000000000000000000000000000000>, C4<00000000000000000000000000000000>, C4<00000000000000000000000000000000>;
v0x55baa880d8f0_5 .array/port v0x55baa880d8f0, 5;
L_0x55baa882a1c0 .functor BUFZ 32, v0x55baa880d8f0_5, C4<00000000000000000000000000000000>, C4<00000000000000000000000000000000>, C4<00000000000000000000000000000000>;
v0x55baa880d8f0_6 .array/port v0x55baa880d8f0, 6;
L_0x55baa882a2d0 .functor BUFZ 32, v0x55baa880d8f0_6, C4<00000000000000000000000000000000>, C4<00000000000000000000000000000000>, C4<00000000000000000000000000000000>;
v0x55baa880d8f0_7 .array/port v0x55baa880d8f0, 7;
L_0x55baa882a370 .functor BUFZ 32, v0x55baa880d8f0_7, C4<00000000000000000000000000000000>, C4<00000000000000000000000000000000>, C4<00000000000000000000000000000000>;
v0x55baa880d8f0_8 .array/port v0x55baa880d8f0, 8;
L_0x55baa882a490 .functor BUFZ 32, v0x55baa880d8f0_8, C4<00000000000000000000000000000000>, C4<00000000000000000000000000000000>, C4<00000000000000000000000000000000>;
v0x55baa880d8f0_9 .array/port v0x55baa880d8f0, 9;
L_0x55baa882a560 .functor BUFZ 32, v0x55baa880d8f0_9, C4<00000000000000000000000000000000>, C4<00000000000000000000000000000000>, C4<00000000000000000000000000000000>;
v0x55baa880d8f0_10 .array/port v0x55baa880d8f0, 10;
L_0x55baa882a690 .functor BUFZ 32, v0x55baa880d8f0_10, C4<00000000000000000000000000000000>, C4<00000000000000000000000000000000>, C4<00000000000000000000000000000000>;
v0x55baa880d8f0_11 .array/port v0x55baa880d8f0, 11;
L_0x55baa882a760 .functor BUFZ 32, v0x55baa880d8f0_11, C4<00000000000000000000000000000000>, C4<00000000000000000000000000000000>, C4<00000000000000000000000000000000>;
v0x55baa880d8f0_12 .array/port v0x55baa880d8f0, 12;
L_0x55baa882a8a0 .functor BUFZ 32, v0x55baa880d8f0_12, C4<00000000000000000000000000000000>, C4<00000000000000000000000000000000>, C4<00000000000000000000000000000000>;
v0x55baa880d8f0_13 .array/port v0x55baa880d8f0, 13;
L_0x55baa882a970 .functor BUFZ 32, v0x55baa880d8f0_13, C4<00000000000000000000000000000000>, C4<00000000000000000000000000000000>, C4<00000000000000000000000000000000>;
v0x55baa880d8f0_14 .array/port v0x55baa880d8f0, 14;
L_0x55baa882a830 .functor BUFZ 32, v0x55baa880d8f0_14, C4<00000000000000000000000000000000>, C4<00000000000000000000000000000000>, C4<00000000000000000000000000000000>;
v0x55baa880d8f0_15 .array/port v0x55baa880d8f0, 15;
L_0x55baa882ab20 .functor BUFZ 32, v0x55baa880d8f0_15, C4<00000000000000000000000000000000>, C4<00000000000000000000000000000000>, C4<00000000000000000000000000000000>;
v0x55baa880f440_0 .var "clk", 0 0;
v0x55baa880f500 .array "data", 0 15, 31 0;
v0x55baa880f5c0_0 .var/i "k", 31 0;
v0x55baa880f680_0 .net "par_addr", 13 0, L_0x55baa8810a30;  1 drivers
v0x55baa880f740_0 .var "par_in", 31 0;
v0x55baa880f7e0_0 .net "par_out", 31 0, L_0x55baa87a3f00;  1 drivers
v0x55baa880f880_0 .net "par_we", 0 0, L_0x55baa8778af0;  1 drivers
v0x55baa880f920_0 .net "r0", 31 0, L_0x55baa8829de0;  1 drivers
v0x55baa880f9c0_0 .net "r1", 31 0, L_0x55baa8829e50;  1 drivers
v0x55baa880faa0_0 .net "r10", 31 0, L_0x55baa882a690;  1 drivers
v0x55baa880fb80_0 .net "r11", 31 0, L_0x55baa882a760;  1 drivers
v0x55baa880fc60_0 .net "r12", 31 0, L_0x55baa882a8a0;  1 drivers
v0x55baa880fd40_0 .net "r13", 31 0, L_0x55baa882a970;  1 drivers
v0x55baa880fe20_0 .net "r14", 31 0, L_0x55baa882a830;  1 drivers
v0x55baa880ff00_0 .net "r15", 31 0, L_0x55baa882ab20;  1 drivers
v0x55baa880ffe0_0 .net "r2", 31 0, L_0x55baa8829f20;  1 drivers
v0x55baa88100c0_0 .net "r3", 31 0, L_0x55baa8829ff0;  1 drivers
v0x55baa88101a0_0 .net "r4", 31 0, L_0x55baa882a0f0;  1 drivers
v0x55baa8810280_0 .net "r5", 31 0, L_0x55baa882a1c0;  1 drivers
v0x55baa8810360_0 .net "r6", 31 0, L_0x55baa882a2d0;  1 drivers
v0x55baa8810440_0 .net "r7", 31 0, L_0x55baa882a370;  1 drivers
v0x55baa8810520_0 .net "r8", 31 0, L_0x55baa882a490;  1 drivers
v0x55baa8810600_0 .net "r9", 31 0, L_0x55baa882a560;  1 drivers
v0x55baa88106e0_0 .var "rst", 0 0;
v0x55baa8810780_0 .var/i "start_time", 31 0;
v0x55baa8810860_0 .net "trap", 0 0, v0x55baa8802c20_0;  1 drivers
S_0x55baa87e5bd0 .scope module, "uut" "xtop" 3 31, 4 4 0, S_0x55baa87e8cd0;
 .timescale -9 -12;
    .port_info 0 /INPUT 1 "clk";
    .port_info 1 /INPUT 1 "rst";
    .port_info 2 /OUTPUT 1 "trap";
    .port_info 3 /OUTPUT 14 "par_addr";
    .port_info 4 /INPUT 32 "par_in";
    .port_info 5 /OUTPUT 1 "par_re";
    .port_info 6 /OUTPUT 32 "par_out";
    .port_info 7 /OUTPUT 1 "par_we";
L_0x55baa87dbd60 .functor BUFZ 32, v0x55baa880f740_0, C4<00000000000000000000000000000000>, C4<00000000000000000000000000000000>, C4<00000000000000000000000000000000>;
L_0x55baa87d3ec0 .functor NOT 1, L_0x55baa88271c0, C4<0>, C4<0>, C4<0>;
L_0x55baa87d4760 .functor AND 1, v0x55baa8802760_0, L_0x55baa87d3ec0, C4<1>, C4<1>;
L_0x55baa87a3f00 .functor BUFZ 32, L_0x55baa8827230, C4<00000000000000000000000000000000>, C4<00000000000000000000000000000000>, C4<00000000000000000000000000000000>;
L_0x55baa8778af0 .functor AND 1, v0x55baa8802760_0, L_0x55baa88271c0, C4<1>, C4<1>;
L_0x55baa8829950 .functor AND 1, v0x55baa87d4ed0_0, L_0x55baa88271c0, C4<1>, C4<1>;
L_0x55baa8829b20 .functor AND 1, v0x55baa87d4920_0, L_0x55baa88271c0, C4<1>, C4<1>;
v0x55baa880ddb0_0 .net "LED_sel", 0 0, v0x55baa87d4920_0;  1 drivers
L_0x7f5679dcdeb8 .functor BUFT 1, C4<000000000000000000000000>, C4<0>, C4<0>, C4<0>;
v0x55baa880de70_0 .net *"_s27", 23 0, L_0x7f5679dcdeb8;  1 drivers
v0x55baa880df30_0 .net *"_s4", 0 0, L_0x55baa87d3ec0;  1 drivers
v0x55baa880e020_0 .net "clk", 0 0, v0x55baa880f440_0;  1 drivers
v0x55baa880e0c0_0 .net "cprt_sel", 0 0, v0x55baa87d4ed0_0;  1 drivers
v0x55baa880e1b0_0 .net "data_addr", 14 0, v0x55baa880b180_0;  1 drivers
v0x55baa880e2a0_0 .net "data_out_LED", 31 0, L_0x55baa8829c80;  1 drivers
v0x55baa880e380_0 .net "data_sel", 0 0, L_0x55baa8827000;  1 drivers
v0x55baa880e470_0 .net "data_to_rd", 31 0, v0x55baa8802550_0;  1 drivers
v0x55baa880e530_0 .net "data_to_wr", 31 0, L_0x55baa8827230;  1 drivers
v0x55baa880e5f0_0 .net "data_we", 0 0, L_0x55baa88271c0;  1 drivers
v0x55baa880e690_0 .net "ext_data_to_rd", 31 0, L_0x55baa87dbd60;  1 drivers
v0x55baa880e750_0 .net "ext_sel", 0 0, v0x55baa8802760_0;  1 drivers
v0x55baa880e7f0_0 .net "instruction", 31 0, v0x55baa880cdb0_0;  1 drivers
v0x55baa880e8e0_0 .net "mem_data_to_rd", 31 0, L_0x55baa88293a0;  1 drivers
v0x55baa880e9d0_0 .net "mem_sel", 0 0, v0x55baa8802900_0;  1 drivers
v0x55baa880eac0_0 .net "par_addr", 13 0, L_0x55baa8810a30;  alias, 1 drivers
v0x55baa880eba0_0 .net "par_in", 31 0, v0x55baa880f740_0;  1 drivers
v0x55baa880ec80_0 .net "par_out", 31 0, L_0x55baa87a3f00;  alias, 1 drivers
v0x55baa880ed60_0 .net "par_re", 0 0, L_0x55baa87d4760;  1 drivers
v0x55baa880ee20_0 .net "par_we", 0 0, L_0x55baa8778af0;  alias, 1 drivers
v0x55baa880eee0_0 .net "pc", 13 0, v0x55baa880b810_0;  1 drivers
v0x55baa880eff0_0 .net "regf_data_to_rd", 31 0, L_0x55baa8829720;  1 drivers
v0x55baa880f100_0 .net "regf_sel", 0 0, v0x55baa8802aa0_0;  1 drivers
v0x55baa880f1f0_0 .net "rst", 0 0, v0x55baa88106e0_0;  1 drivers
v0x55baa880f290_0 .net "trap", 0 0, v0x55baa8802c20_0;  alias, 1 drivers
L_0x55baa8810a30 .part v0x55baa880b180_0, 0, 14;
L_0x55baa8829440 .part v0x55baa880b180_0, 0, 14;
L_0x55baa8829860 .part v0x55baa880b180_0, 0, 4;
L_0x55baa8829a50 .part L_0x55baa8827230, 0, 8;
L_0x55baa8829be0 .part L_0x55baa8827230, 0, 8;
L_0x55baa8829c80 .concat [ 8 24 0 0], v0x55baa87e0f60_0, L_0x7f5679dcdeb8;
S_0x55baa87e62d0 .scope module, "LED" "xLED" 4 154, 5 4 0, S_0x55baa87e5bd0;
 .timescale -9 -12;
    .port_info 0 /INPUT 1 "clk";
    .port_info 1 /INPUT 1 "sel";
    .port_info 2 /INPUT 8 "data_in";
    .port_info 3 /OUTPUT 8 "LEDpin";
v0x55baa87e0f60_0 .var "LEDpin", 7 0;
v0x55baa87d3fe0_0 .net "clk", 0 0, v0x55baa880f440_0;  alias, 1 drivers
v0x55baa87d4080_0 .net "data_in", 7 0, L_0x55baa8829be0;  1 drivers
v0x55baa87d4880_0 .net "sel", 0 0, L_0x55baa8829b20;  1 drivers
E_0x55baa8780240 .event posedge, v0x55baa87d3fe0_0;
S_0x55baa87e69d0 .scope module, "addr_decoder" "xaddr_decoder" 4 113, 6 2 0, S_0x55baa87e5bd0;
 .timescale -9 -12;
    .port_info 0 /INPUT 15 "addr";
    .port_info 1 /INPUT 1 "sel";
    .port_info 2 /OUTPUT 1 "mem_sel";
    .port_info 3 /INPUT 32 "mem_data_to_rd";
    .port_info 4 /OUTPUT 1 "regf_sel";
    .port_info 5 /INPUT 32 "regf_data_to_rd";
    .port_info 6 /OUTPUT 1 "cprt_sel";
    .port_info 7 /OUTPUT 1 "ext_sel";
    .port_info 8 /INPUT 32 "ext_data_to_rd";
    .port_info 9 /OUTPUT 1 "LED_sel";
    .port_info 10 /OUTPUT 1 "trap_sel";
    .port_info 11 /OUTPUT 32 "data_to_rd";
v0x55baa87d4920_0 .var "LED_sel", 0 0;
v0x55baa87d4e30_0 .net "addr", 14 0, v0x55baa880b180_0;  alias, 1 drivers
v0x55baa87d4ed0_0 .var "cprt_sel", 0 0;
v0x55baa8802550_0 .var "data_to_rd", 31 0;
v0x55baa8802630_0 .net "ext_data_to_rd", 31 0, L_0x55baa87dbd60;  alias, 1 drivers
v0x55baa8802760_0 .var "ext_sel", 0 0;
v0x55baa8802820_0 .net "mem_data_to_rd", 31 0, L_0x55baa88293a0;  alias, 1 drivers
v0x55baa8802900_0 .var "mem_sel", 0 0;
v0x55baa88029c0_0 .net "regf_data_to_rd", 31 0, L_0x55baa8829720;  alias, 1 drivers
v0x55baa8802aa0_0 .var "regf_sel", 0 0;
v0x55baa8802b60_0 .net "sel", 0 0, L_0x55baa8827000;  alias, 1 drivers
v0x55baa8802c20_0 .var "trap_sel", 0 0;
E_0x55baa877fe60/0 .event edge, v0x55baa8802900_0, v0x55baa8802820_0, v0x55baa8802aa0_0, v0x55baa88029c0_0;
E_0x55baa877fe60/1 .event edge, v0x55baa8802760_0, v0x55baa8802630_0;
E_0x55baa877fe60 .event/or E_0x55baa877fe60/0, E_0x55baa877fe60/1;
E_0x55baa8759940 .event edge, v0x55baa87d4e30_0, v0x55baa8802b60_0;
S_0x55baa87e70d0 .scope module, "controller" "xctrl" 4 68, 7 7 0, S_0x55baa87e5bd0;
 .timescale -9 -12;
    .port_info 0 /INPUT 1 "clk";
    .port_info 1 /INPUT 1 "rst";
    .port_info 2 /OUTPUT 14 "pc";
    .port_info 3 /INPUT 32 "instruction";
    .port_info 4 /OUTPUT 1 "mem_sel";
    .port_info 5 /OUTPUT 1 "mem_we";
    .port_info 6 /OUTPUT 15 "mem_addr";
    .port_info 7 /INPUT 32 "mem_data_from";
    .port_info 8 /OUTPUT 32 "mem_data_to";
L_0x55baa8821110 .functor OR 1, L_0x55baa8820d50, L_0x55baa8820fd0, C4<0>, C4<0>;
L_0x55baa88217a0 .functor OR 1, L_0x55baa8821360, L_0x55baa8821610, C4<0>, C4<0>;
L_0x55baa88218b0 .functor OR 1, L_0x55baa8821110, L_0x55baa88217a0, C4<0>, C4<0>;
L_0x55baa8821ee0 .functor OR 1, L_0x55baa8821b40, L_0x55baa8821d30, C4<0>, C4<0>;
L_0x55baa8821e70 .functor OR 1, L_0x55baa8822110, L_0x55baa88224d0, C4<0>, C4<0>;
L_0x55baa8822e00 .functor OR 1, L_0x55baa8822940, L_0x55baa8822c10, C4<0>, C4<0>;
L_0x55baa88231a0 .functor OR 1, L_0x55baa8822e00, L_0x55baa8822fa0, C4<0>, C4<0>;
L_0x55baa88238c0 .functor OR 1, L_0x55baa88233a0, L_0x55baa88236a0, C4<0>, C4<0>;
L_0x55baa8823d40 .functor AND 1, L_0x55baa88231a0, L_0x55baa8823b10, C4<1>, C4<1>;
L_0x55baa8823e50 .functor OR 1, L_0x55baa8823d40, L_0x55baa88238c0, C4<0>, C4<0>;
L_0x55baa8823fc0 .functor OR 1, L_0x55baa8821e70, L_0x55baa88238c0, C4<0>, C4<0>;
L_0x55baa8824030 .functor OR 1, L_0x55baa8823fc0, L_0x55baa88231a0, C4<0>, C4<0>;
L_0x55baa8824160 .functor OR 1, L_0x55baa8821110, L_0x55baa8821e70, C4<0>, C4<0>;
L_0x55baa8824870 .functor OR 1, L_0x55baa88242c0, L_0x55baa88245f0, C4<0>, C4<0>;
L_0x55baa88240f0 .functor OR 1, L_0x55baa8824870, L_0x55baa8824d00, C4<0>, C4<0>;
L_0x55baa8824e40 .functor OR 1, L_0x55baa88240f0, L_0x55baa88250f0, C4<0>, C4<0>;
L_0x55baa8826540 .functor OR 1, L_0x55baa8821ee0, L_0x55baa88217a0, C4<0>, C4<0>;
L_0x55baa8826600 .functor OR 1, L_0x55baa8826540, L_0x55baa8823e50, C4<0>, C4<0>;
L_0x55baa8826b20 .functor AND 1, L_0x55baa8826600, L_0x55baa88269e0, C4<1>, C4<1>;
L_0x55baa8827000 .functor AND 1, L_0x55baa8826b20, L_0x55baa8826ec0, C4<1>, C4<1>;
L_0x55baa88271c0 .functor BUFZ 1, L_0x55baa8821ee0, C4<0>, C4<0>, C4<0>;
L_0x55baa8827230 .functor BUFZ 32, v0x55baa880b8f0_0, C4<00000000000000000000000000000000>, C4<00000000000000000000000000000000>, C4<00000000000000000000000000000000>;
L_0x55baa8827790 .functor AND 32, v0x55baa880b8f0_0, L_0x55baa8827a10, C4<11111111111111111111111111111111>, C4<11111111111111111111111111111111>;
L_0x55baa8828fe0 .functor XOR 32, v0x55baa880b8f0_0, L_0x55baa8827a10, C4<00000000000000000000000000000000>, C4<00000000000000000000000000000000>;
v0x55baa88030e0_0 .net *"_s0", 31 0, L_0x55baa8810c30;  1 drivers
v0x55baa88031c0_0 .net *"_s102", 31 0, L_0x55baa88232b0;  1 drivers
L_0x7f5679dcd648 .functor BUFT 1, C4<0000000000000000000000000000>, C4<0>, C4<0>, C4<0>;
v0x55baa88032a0_0 .net *"_s105", 27 0, L_0x7f5679dcd648;  1 drivers
L_0x7f5679dcd690 .functor BUFT 1, C4<00000000000000000000000000000100>, C4<0>, C4<0>, C4<0>;
v0x55baa8803360_0 .net/2u *"_s106", 31 0, L_0x7f5679dcd690;  1 drivers
v0x55baa8803440_0 .net *"_s108", 0 0, L_0x55baa88233a0;  1 drivers
L_0x7f5679dcd0a8 .functor BUFT 1, C4<0000000000000000000000000000>, C4<0>, C4<0>, C4<0>;
v0x55baa8803550_0 .net *"_s11", 27 0, L_0x7f5679dcd0a8;  1 drivers
v0x55baa8803630_0 .net *"_s110", 31 0, L_0x55baa88235b0;  1 drivers
L_0x7f5679dcd6d8 .functor BUFT 1, C4<0000000000000000000000000000>, C4<0>, C4<0>, C4<0>;
v0x55baa8803710_0 .net *"_s113", 27 0, L_0x7f5679dcd6d8;  1 drivers
L_0x7f5679dcd720 .functor BUFT 1, C4<00000000000000000000000000000101>, C4<0>, C4<0>, C4<0>;
v0x55baa88037f0_0 .net/2u *"_s114", 31 0, L_0x7f5679dcd720;  1 drivers
v0x55baa88038d0_0 .net *"_s116", 0 0, L_0x55baa88236a0;  1 drivers
L_0x7f5679dcd0f0 .functor BUFT 1, C4<00000000000000000000000000000111>, C4<0>, C4<0>, C4<0>;
v0x55baa8803990_0 .net/2u *"_s12", 31 0, L_0x7f5679dcd0f0;  1 drivers
v0x55baa8803a70_0 .net *"_s120", 31 0, L_0x55baa8823a20;  1 drivers
L_0x7f5679dcd768 .functor BUFT 1, C4<0000000000000000000000000000>, C4<0>, C4<0>, C4<0>;
v0x55baa8803b50_0 .net *"_s123", 27 0, L_0x7f5679dcd768;  1 drivers
L_0x7f5679dcd7b0 .functor BUFT 1, C4<00000000000000000000000000000000>, C4<0>, C4<0>, C4<0>;
v0x55baa8803c30_0 .net/2u *"_s124", 31 0, L_0x7f5679dcd7b0;  1 drivers
v0x55baa8803d10_0 .net *"_s126", 0 0, L_0x55baa8823b10;  1 drivers
v0x55baa8803dd0_0 .net *"_s128", 0 0, L_0x55baa8823d40;  1 drivers
v0x55baa8803e90_0 .net *"_s132", 0 0, L_0x55baa8823fc0;  1 drivers
v0x55baa8803f70_0 .net *"_s138", 31 0, L_0x55baa88241d0;  1 drivers
v0x55baa8804050_0 .net *"_s14", 0 0, L_0x55baa8820fd0;  1 drivers
L_0x7f5679dcd7f8 .functor BUFT 1, C4<0000000000000000000000000000>, C4<0>, C4<0>, C4<0>;
v0x55baa8804110_0 .net *"_s141", 27 0, L_0x7f5679dcd7f8;  1 drivers
L_0x7f5679dcd840 .functor BUFT 1, C4<00000000000000000000000000001100>, C4<0>, C4<0>, C4<0>;
v0x55baa88041f0_0 .net/2u *"_s142", 31 0, L_0x7f5679dcd840;  1 drivers
v0x55baa88042d0_0 .net *"_s144", 0 0, L_0x55baa88242c0;  1 drivers
v0x55baa8804390_0 .net *"_s146", 31 0, L_0x55baa8824500;  1 drivers
L_0x7f5679dcd888 .functor BUFT 1, C4<0000000000000000000000000000>, C4<0>, C4<0>, C4<0>;
v0x55baa8804470_0 .net *"_s149", 27 0, L_0x7f5679dcd888;  1 drivers
L_0x7f5679dcd8d0 .functor BUFT 1, C4<00000000000000000000000000001110>, C4<0>, C4<0>, C4<0>;
v0x55baa8804550_0 .net/2u *"_s150", 31 0, L_0x7f5679dcd8d0;  1 drivers
v0x55baa8804630_0 .net *"_s152", 0 0, L_0x55baa88245f0;  1 drivers
v0x55baa88046f0_0 .net *"_s154", 0 0, L_0x55baa8824870;  1 drivers
v0x55baa88047b0_0 .net *"_s156", 31 0, L_0x55baa8824a00;  1 drivers
L_0x7f5679dcd918 .functor BUFT 1, C4<0000000000000000000000000000>, C4<0>, C4<0>, C4<0>;
v0x55baa8804890_0 .net *"_s159", 27 0, L_0x7f5679dcd918;  1 drivers
L_0x7f5679dcd960 .functor BUFT 1, C4<00000000000000000000000000001101>, C4<0>, C4<0>, C4<0>;
v0x55baa8804970_0 .net/2u *"_s160", 31 0, L_0x7f5679dcd960;  1 drivers
v0x55baa8804a50_0 .net *"_s162", 0 0, L_0x55baa8824d00;  1 drivers
v0x55baa8804b10_0 .net *"_s164", 0 0, L_0x55baa88240f0;  1 drivers
v0x55baa8804bd0_0 .net *"_s166", 31 0, L_0x55baa8825000;  1 drivers
L_0x7f5679dcd9a8 .functor BUFT 1, C4<0000000000000000000000000000>, C4<0>, C4<0>, C4<0>;
v0x55baa8804ec0_0 .net *"_s169", 27 0, L_0x7f5679dcd9a8;  1 drivers
L_0x7f5679dcd9f0 .functor BUFT 1, C4<00000000000000000000000000001111>, C4<0>, C4<0>, C4<0>;
v0x55baa8804fa0_0 .net/2u *"_s170", 31 0, L_0x7f5679dcd9f0;  1 drivers
v0x55baa8805080_0 .net *"_s172", 0 0, L_0x55baa88250f0;  1 drivers
v0x55baa8805140_0 .net *"_s178", 31 0, L_0x55baa8825490;  1 drivers
v0x55baa8805220_0 .net *"_s18", 31 0, L_0x55baa8821220;  1 drivers
L_0x7f5679dcda38 .functor BUFT 1, C4<0000000000000000000000000000>, C4<0>, C4<0>, C4<0>;
v0x55baa8805300_0 .net *"_s181", 27 0, L_0x7f5679dcda38;  1 drivers
L_0x7f5679dcda80 .functor BUFT 1, C4<00000000000000000000000000000111>, C4<0>, C4<0>, C4<0>;
v0x55baa88053e0_0 .net/2u *"_s182", 31 0, L_0x7f5679dcda80;  1 drivers
v0x55baa88054c0_0 .net *"_s184", 0 0, L_0x55baa88256c0;  1 drivers
v0x55baa8805580_0 .net *"_s187", 15 0, L_0x55baa8825800;  1 drivers
v0x55baa8805660_0 .net *"_s189", 15 0, L_0x55baa88259f0;  1 drivers
v0x55baa8805740_0 .net *"_s190", 31 0, L_0x55baa8825ac0;  1 drivers
v0x55baa8805820_0 .net *"_s193", 0 0, L_0x55baa8825d40;  1 drivers
v0x55baa8805900_0 .net *"_s194", 3 0, L_0x55baa8825de0;  1 drivers
v0x55baa88059e0_0 .net *"_s197", 27 0, L_0x55baa8826070;  1 drivers
v0x55baa8805ac0_0 .net *"_s198", 31 0, L_0x55baa8826110;  1 drivers
v0x55baa8805ba0_0 .net *"_s202", 0 0, L_0x55baa8826540;  1 drivers
v0x55baa8805c80_0 .net *"_s204", 0 0, L_0x55baa8826600;  1 drivers
v0x55baa8805d60_0 .net *"_s206", 31 0, L_0x55baa88267b0;  1 drivers
L_0x7f5679dcdac8 .functor BUFT 1, C4<00000000000000000>, C4<0>, C4<0>, C4<0>;
v0x55baa8805e40_0 .net *"_s209", 16 0, L_0x7f5679dcdac8;  1 drivers
L_0x7f5679dcd138 .functor BUFT 1, C4<0000000000000000000000000000>, C4<0>, C4<0>, C4<0>;
v0x55baa8805f20_0 .net *"_s21", 27 0, L_0x7f5679dcd138;  1 drivers
L_0x7f5679dcdb10 .functor BUFT 1, C4<00000000000000000100000000010000>, C4<0>, C4<0>, C4<0>;
v0x55baa8806000_0 .net/2u *"_s210", 31 0, L_0x7f5679dcdb10;  1 drivers
v0x55baa88060e0_0 .net *"_s212", 0 0, L_0x55baa88269e0;  1 drivers
v0x55baa88061a0_0 .net *"_s214", 0 0, L_0x55baa8826b20;  1 drivers
v0x55baa8806260_0 .net *"_s216", 31 0, L_0x55baa8826c30;  1 drivers
L_0x7f5679dcdb58 .functor BUFT 1, C4<00000000000000000>, C4<0>, C4<0>, C4<0>;
v0x55baa8806340_0 .net *"_s219", 16 0, L_0x7f5679dcdb58;  1 drivers
L_0x7f5679dcd180 .functor BUFT 1, C4<00000000000000000000000000001000>, C4<0>, C4<0>, C4<0>;
v0x55baa8806420_0 .net/2u *"_s22", 31 0, L_0x7f5679dcd180;  1 drivers
L_0x7f5679dcdba0 .functor BUFT 1, C4<00000000000000000100000000010001>, C4<0>, C4<0>, C4<0>;
v0x55baa8806500_0 .net/2u *"_s220", 31 0, L_0x7f5679dcdba0;  1 drivers
v0x55baa88065e0_0 .net *"_s222", 0 0, L_0x55baa8826ec0;  1 drivers
v0x55baa88066a0_0 .net *"_s230", 31 0, L_0x55baa8826710;  1 drivers
L_0x7f5679dcdbe8 .functor BUFT 1, C4<0000000000000000000000000000>, C4<0>, C4<0>, C4<0>;
v0x55baa8806780_0 .net *"_s233", 27 0, L_0x7f5679dcdbe8;  1 drivers
L_0x7f5679dcdc30 .functor BUFT 1, C4<00000000000000000000000000000010>, C4<0>, C4<0>, C4<0>;
v0x55baa8806860_0 .net/2u *"_s234", 31 0, L_0x7f5679dcdc30;  1 drivers
v0x55baa8806940_0 .net *"_s236", 0 0, L_0x55baa88275b0;  1 drivers
L_0x7f5679dcdc78 .functor BUFT 1, C4<00000000000000000000000000000000>, C4<0>, C4<0>, C4<0>;
v0x55baa8806e10_0 .net *"_s238", 31 0, L_0x7f5679dcdc78;  1 drivers
v0x55baa8806ef0_0 .net *"_s24", 0 0, L_0x55baa8821360;  1 drivers
v0x55baa8806fb0_0 .net *"_s241", 31 0, L_0x55baa88276f0;  1 drivers
v0x55baa8807090_0 .net *"_s245", 30 0, L_0x55baa8827ba0;  1 drivers
v0x55baa8807170_0 .net *"_s246", 31 0, L_0x55baa8827e10;  1 drivers
L_0x7f5679dcdcc0 .functor BUFT 1, C4<0>, C4<0>, C4<0>, C4<0>;
v0x55baa8807250_0 .net *"_s249", 0 0, L_0x7f5679dcdcc0;  1 drivers
v0x55baa8807330_0 .net *"_s251", 30 0, L_0x55baa8827f50;  1 drivers
v0x55baa8807410_0 .net *"_s252", 31 0, L_0x55baa8828220;  1 drivers
L_0x7f5679dcdd08 .functor BUFT 1, C4<0>, C4<0>, C4<0>, C4<0>;
v0x55baa88074f0_0 .net *"_s255", 0 0, L_0x7f5679dcdd08;  1 drivers
v0x55baa88075d0_0 .net *"_s258", 32 0, L_0x55baa8828690;  1 drivers
v0x55baa88076b0_0 .net *"_s26", 31 0, L_0x55baa88214e0;  1 drivers
L_0x7f5679dcdd50 .functor BUFT 1, C4<0>, C4<0>, C4<0>, C4<0>;
v0x55baa8807790_0 .net *"_s261", 0 0, L_0x7f5679dcdd50;  1 drivers
v0x55baa8807870_0 .net *"_s262", 32 0, L_0x55baa8828730;  1 drivers
L_0x7f5679dcdd98 .functor BUFT 1, C4<0>, C4<0>, C4<0>, C4<0>;
v0x55baa8807950_0 .net *"_s265", 0 0, L_0x7f5679dcdd98;  1 drivers
L_0x7f5679dcd1c8 .functor BUFT 1, C4<0000000000000000000000000000>, C4<0>, C4<0>, C4<0>;
v0x55baa8807a30_0 .net *"_s29", 27 0, L_0x7f5679dcd1c8;  1 drivers
L_0x7f5679dcd018 .functor BUFT 1, C4<0000000000000000000000000000>, C4<0>, C4<0>, C4<0>;
v0x55baa8807b10_0 .net *"_s3", 27 0, L_0x7f5679dcd018;  1 drivers
L_0x7f5679dcd210 .functor BUFT 1, C4<00000000000000000000000000001010>, C4<0>, C4<0>, C4<0>;
v0x55baa8807bf0_0 .net/2u *"_s30", 31 0, L_0x7f5679dcd210;  1 drivers
v0x55baa8807cd0_0 .net *"_s32", 0 0, L_0x55baa8821610;  1 drivers
v0x55baa8807d90_0 .net *"_s38", 31 0, L_0x55baa88219c0;  1 drivers
L_0x7f5679dcd060 .functor BUFT 1, C4<00000000000000000000000000000110>, C4<0>, C4<0>, C4<0>;
v0x55baa8807e70_0 .net/2u *"_s4", 31 0, L_0x7f5679dcd060;  1 drivers
L_0x7f5679dcd258 .functor BUFT 1, C4<0000000000000000000000000000>, C4<0>, C4<0>, C4<0>;
v0x55baa8807f50_0 .net *"_s41", 27 0, L_0x7f5679dcd258;  1 drivers
L_0x7f5679dcd2a0 .functor BUFT 1, C4<00000000000000000000000000001001>, C4<0>, C4<0>, C4<0>;
v0x55baa8808030_0 .net/2u *"_s42", 31 0, L_0x7f5679dcd2a0;  1 drivers
v0x55baa8808110_0 .net *"_s44", 0 0, L_0x55baa8821b40;  1 drivers
v0x55baa88081d0_0 .net *"_s46", 31 0, L_0x55baa8821c90;  1 drivers
L_0x7f5679dcd2e8 .functor BUFT 1, C4<0000000000000000000000000000>, C4<0>, C4<0>, C4<0>;
v0x55baa88082b0_0 .net *"_s49", 27 0, L_0x7f5679dcd2e8;  1 drivers
L_0x7f5679dcd330 .functor BUFT 1, C4<00000000000000000000000000001011>, C4<0>, C4<0>, C4<0>;
v0x55baa8808390_0 .net/2u *"_s50", 31 0, L_0x7f5679dcd330;  1 drivers
v0x55baa8808470_0 .net *"_s52", 0 0, L_0x55baa8821d30;  1 drivers
v0x55baa8808530_0 .net *"_s56", 31 0, L_0x55baa8822020;  1 drivers
L_0x7f5679dcd378 .functor BUFT 1, C4<0000000000000000000000000000>, C4<0>, C4<0>, C4<0>;
v0x55baa8808610_0 .net *"_s59", 27 0, L_0x7f5679dcd378;  1 drivers
v0x55baa88086f0_0 .net *"_s6", 0 0, L_0x55baa8820d50;  1 drivers
L_0x7f5679dcd3c0 .functor BUFT 1, C4<00000000000000000000000000000000>, C4<0>, C4<0>, C4<0>;
v0x55baa88087b0_0 .net/2u *"_s60", 31 0, L_0x7f5679dcd3c0;  1 drivers
v0x55baa8808890_0 .net *"_s62", 0 0, L_0x55baa8822110;  1 drivers
v0x55baa8808950_0 .net *"_s64", 31 0, L_0x55baa88222d0;  1 drivers
L_0x7f5679dcd408 .functor BUFT 1, C4<0000000000000000000000000000>, C4<0>, C4<0>, C4<0>;
v0x55baa8808a30_0 .net *"_s67", 27 0, L_0x7f5679dcd408;  1 drivers
L_0x7f5679dcd450 .functor BUFT 1, C4<00000000000000000000000000000011>, C4<0>, C4<0>, C4<0>;
v0x55baa8808b10_0 .net/2u *"_s68", 31 0, L_0x7f5679dcd450;  1 drivers
v0x55baa8808bf0_0 .net *"_s70", 0 0, L_0x55baa88224d0;  1 drivers
v0x55baa8808cb0_0 .net *"_s74", 31 0, L_0x55baa8822740;  1 drivers
L_0x7f5679dcd498 .functor BUFT 1, C4<0000000000000000000000000000>, C4<0>, C4<0>, C4<0>;
v0x55baa8808d90_0 .net *"_s77", 27 0, L_0x7f5679dcd498;  1 drivers
L_0x7f5679dcd4e0 .functor BUFT 1, C4<00000000000000000000000000000000>, C4<0>, C4<0>, C4<0>;
v0x55baa8808e70_0 .net/2u *"_s78", 31 0, L_0x7f5679dcd4e0;  1 drivers
v0x55baa8808f50_0 .net *"_s8", 31 0, L_0x55baa8820e90;  1 drivers
v0x55baa8809030_0 .net *"_s80", 0 0, L_0x55baa8822940;  1 drivers
v0x55baa88090f0_0 .net *"_s82", 31 0, L_0x55baa8822b20;  1 drivers
L_0x7f5679dcd528 .functor BUFT 1, C4<0000000000000000000000000000>, C4<0>, C4<0>, C4<0>;
v0x55baa88091d0_0 .net *"_s85", 27 0, L_0x7f5679dcd528;  1 drivers
L_0x7f5679dcd570 .functor BUFT 1, C4<00000000000000000000000000000001>, C4<0>, C4<0>, C4<0>;
v0x55baa88092b0_0 .net/2u *"_s86", 31 0, L_0x7f5679dcd570;  1 drivers
v0x55baa8809390_0 .net *"_s88", 0 0, L_0x55baa8822c10;  1 drivers
v0x55baa8809450_0 .net *"_s90", 0 0, L_0x55baa8822e00;  1 drivers
v0x55baa8809510_0 .net *"_s92", 31 0, L_0x55baa8822a80;  1 drivers
L_0x7f5679dcd5b8 .functor BUFT 1, C4<0000000000000000000000000000>, C4<0>, C4<0>, C4<0>;
v0x55baa88095f0_0 .net *"_s95", 27 0, L_0x7f5679dcd5b8;  1 drivers
L_0x7f5679dcd600 .functor BUFT 1, C4<00000000000000000000000000000010>, C4<0>, C4<0>, C4<0>;
v0x55baa88096d0_0 .net/2u *"_s96", 31 0, L_0x7f5679dcd600;  1 drivers
v0x55baa88097b0_0 .net *"_s98", 0 0, L_0x55baa8822fa0;  1 drivers
v0x55baa8809870_0 .net "adder_res_1", 31 0, L_0x55baa8828360;  1 drivers
v0x55baa8809950_0 .net "adder_res_2", 32 0, L_0x55baa8828a20;  1 drivers
v0x55baa8809a30_0 .net "alu_arith_ops", 0 0, L_0x55baa88231a0;  1 drivers
v0x55baa8809af0_0 .var "alu_carry", 0 0;
v0x55baa8809bb0_0 .net "alu_imm_ops", 0 0, L_0x55baa8821e70;  1 drivers
v0x55baa8809c70_0 .net "alu_logic_ops", 0 0, L_0x55baa88238c0;  1 drivers
v0x55baa8809d30_0 .net "alu_mem_ops", 0 0, L_0x55baa8823e50;  1 drivers
v0x55baa8809df0_0 .var "alu_negative", 0 0;
v0x55baa8809eb0_0 .net "alu_ops", 0 0, L_0x55baa8824030;  1 drivers
v0x55baa8809f70_0 .var "alu_overflow", 0 0;
v0x55baa880a030_0 .var "alu_result", 32 0;
v0x55baa880a110_0 .net "and_res", 31 0, L_0x55baa8827790;  1 drivers
v0x55baa880a1f0_0 .net "branch_ops", 0 0, L_0x55baa8824e40;  1 drivers
v0x55baa880a2b0_0 .net "carry_n", 0 0, L_0x55baa8828e60;  1 drivers
v0x55baa880ab80_0 .net "carry_n_1", 0 0, L_0x55baa8828b60;  1 drivers
v0x55baa880ac40_0 .net "clk", 0 0, v0x55baa880f440_0;  alias, 1 drivers
v0x55baa880ace0_0 .net/s "imm", 31 0, L_0x55baa88263b0;  1 drivers
v0x55baa880ada0_0 .net "imm_ops", 0 0, L_0x55baa8824160;  1 drivers
v0x55baa880ae60_0 .net "instruction", 31 0, v0x55baa880cdb0_0;  alias, 1 drivers
v0x55baa880af40_0 .net "load_imm_ops", 0 0, L_0x55baa8821110;  1 drivers
v0x55baa880b000_0 .net "load_mem_ops", 0 0, L_0x55baa88217a0;  1 drivers
v0x55baa880b0c0_0 .net "load_ops", 0 0, L_0x55baa88218b0;  1 drivers
v0x55baa880b180_0 .var "mem_addr", 14 0;
v0x55baa880b270_0 .net "mem_data_from", 31 0, v0x55baa8802550_0;  alias, 1 drivers
v0x55baa880b340_0 .net "mem_data_to", 31 0, L_0x55baa8827230;  alias, 1 drivers
v0x55baa880b400_0 .net "mem_sel", 0 0, L_0x55baa8827000;  alias, 1 drivers
v0x55baa880b4d0_0 .net "mem_we", 0 0, L_0x55baa88271c0;  alias, 1 drivers
v0x55baa880b570_0 .net "opcode", 3 0, L_0x55baa88253f0;  1 drivers
v0x55baa880b650_0 .net "operand", 31 0, L_0x55baa8827a10;  1 drivers
v0x55baa880b730_0 .var "operand_int", 31 0;
v0x55baa880b810_0 .var "pc", 13 0;
v0x55baa880b8f0_0 .var "regA", 31 0;
v0x55baa880b9d0_0 .var "regB", 31 0;
v0x55baa880bab0_0 .var "regC", 31 0;
v0x55baa880bb90_0 .net "rst", 0 0, v0x55baa88106e0_0;  alias, 1 drivers
v0x55baa880bc50_0 .net "store_mem_ops", 0 0, L_0x55baa8821ee0;  1 drivers
v0x55baa880bd10_0 .net "xor_res", 31 0, L_0x55baa8828fe0;  1 drivers
E_0x55baa87ece20/0 .event edge, v0x55baa8809a30_0, v0x55baa8809950_0, v0x55baa880a2b0_0, v0x55baa880ab80_0;
E_0x55baa87ece20/1 .event edge, v0x55baa880b570_0, v0x55baa880b650_0, v0x55baa880b8f0_0, v0x55baa880a110_0;
E_0x55baa87ece20/2 .event edge, v0x55baa880bd10_0;
E_0x55baa87ece20 .event/or E_0x55baa87ece20/0, E_0x55baa87ece20/1, E_0x55baa87ece20/2;
E_0x55baa87ea010 .event posedge, v0x55baa880bb90_0, v0x55baa87d3fe0_0;
E_0x55baa87ecf70/0 .event edge, v0x55baa880b0c0_0, v0x55baa8809eb0_0, v0x55baa87d4e30_0, v0x55baa880b9d0_0;
E_0x55baa87ecf70/1 .event edge, v0x55baa880bab0_0, v0x55baa880ada0_0, v0x55baa880ace0_0, v0x55baa8802b60_0;
E_0x55baa87ecf70/2 .event edge, v0x55baa8802550_0;
E_0x55baa87ecf70 .event/or E_0x55baa87ecf70/0, E_0x55baa87ecf70/1, E_0x55baa87ecf70/2;
E_0x55baa8803050 .event edge, v0x55baa880b570_0, v0x55baa880b9d0_0, v0x55baa880ace0_0;
L_0x55baa8810c30 .concat [ 4 28 0 0], L_0x55baa88253f0, L_0x7f5679dcd018;
L_0x55baa8820d50 .cmp/eq 32, L_0x55baa8810c30, L_0x7f5679dcd060;
L_0x55baa8820e90 .concat [ 4 28 0 0], L_0x55baa88253f0, L_0x7f5679dcd0a8;
L_0x55baa8820fd0 .cmp/eq 32, L_0x55baa8820e90, L_0x7f5679dcd0f0;
L_0x55baa8821220 .concat [ 4 28 0 0], L_0x55baa88253f0, L_0x7f5679dcd138;
L_0x55baa8821360 .cmp/eq 32, L_0x55baa8821220, L_0x7f5679dcd180;
L_0x55baa88214e0 .concat [ 4 28 0 0], L_0x55baa88253f0, L_0x7f5679dcd1c8;
L_0x55baa8821610 .cmp/eq 32, L_0x55baa88214e0, L_0x7f5679dcd210;
L_0x55baa88219c0 .concat [ 4 28 0 0], L_0x55baa88253f0, L_0x7f5679dcd258;
L_0x55baa8821b40 .cmp/eq 32, L_0x55baa88219c0, L_0x7f5679dcd2a0;
L_0x55baa8821c90 .concat [ 4 28 0 0], L_0x55baa88253f0, L_0x7f5679dcd2e8;
L_0x55baa8821d30 .cmp/eq 32, L_0x55baa8821c90, L_0x7f5679dcd330;
L_0x55baa8822020 .concat [ 4 28 0 0], L_0x55baa88253f0, L_0x7f5679dcd378;
L_0x55baa8822110 .cmp/eq 32, L_0x55baa8822020, L_0x7f5679dcd3c0;
L_0x55baa88222d0 .concat [ 4 28 0 0], L_0x55baa88253f0, L_0x7f5679dcd408;
L_0x55baa88224d0 .cmp/eq 32, L_0x55baa88222d0, L_0x7f5679dcd450;
L_0x55baa8822740 .concat [ 4 28 0 0], L_0x55baa88253f0, L_0x7f5679dcd498;
L_0x55baa8822940 .cmp/eq 32, L_0x55baa8822740, L_0x7f5679dcd4e0;
L_0x55baa8822b20 .concat [ 4 28 0 0], L_0x55baa88253f0, L_0x7f5679dcd528;
L_0x55baa8822c10 .cmp/eq 32, L_0x55baa8822b20, L_0x7f5679dcd570;
L_0x55baa8822a80 .concat [ 4 28 0 0], L_0x55baa88253f0, L_0x7f5679dcd5b8;
L_0x55baa8822fa0 .cmp/eq 32, L_0x55baa8822a80, L_0x7f5679dcd600;
L_0x55baa88232b0 .concat [ 4 28 0 0], L_0x55baa88253f0, L_0x7f5679dcd648;
L_0x55baa88233a0 .cmp/eq 32, L_0x55baa88232b0, L_0x7f5679dcd690;
L_0x55baa88235b0 .concat [ 4 28 0 0], L_0x55baa88253f0, L_0x7f5679dcd6d8;
L_0x55baa88236a0 .cmp/eq 32, L_0x55baa88235b0, L_0x7f5679dcd720;
L_0x55baa8823a20 .concat [ 4 28 0 0], L_0x55baa88253f0, L_0x7f5679dcd768;
L_0x55baa8823b10 .cmp/ne 32, L_0x55baa8823a20, L_0x7f5679dcd7b0;
L_0x55baa88241d0 .concat [ 4 28 0 0], L_0x55baa88253f0, L_0x7f5679dcd7f8;
L_0x55baa88242c0 .cmp/eq 32, L_0x55baa88241d0, L_0x7f5679dcd840;
L_0x55baa8824500 .concat [ 4 28 0 0], L_0x55baa88253f0, L_0x7f5679dcd888;
L_0x55baa88245f0 .cmp/eq 32, L_0x55baa8824500, L_0x7f5679dcd8d0;
L_0x55baa8824a00 .concat [ 4 28 0 0], L_0x55baa88253f0, L_0x7f5679dcd918;
L_0x55baa8824d00 .cmp/eq 32, L_0x55baa8824a00, L_0x7f5679dcd960;
L_0x55baa8825000 .concat [ 4 28 0 0], L_0x55baa88253f0, L_0x7f5679dcd9a8;
L_0x55baa88250f0 .cmp/eq 32, L_0x55baa8825000, L_0x7f5679dcd9f0;
L_0x55baa88253f0 .part v0x55baa880cdb0_0, 28, 4;
L_0x55baa8825490 .concat [ 4 28 0 0], L_0x55baa88253f0, L_0x7f5679dcda38;
L_0x55baa88256c0 .cmp/eq 32, L_0x55baa8825490, L_0x7f5679dcda80;
L_0x55baa8825800 .part v0x55baa880cdb0_0, 0, 16;
L_0x55baa88259f0 .part v0x55baa880b8f0_0, 0, 16;
L_0x55baa8825ac0 .concat [ 16 16 0 0], L_0x55baa88259f0, L_0x55baa8825800;
L_0x55baa8825d40 .part v0x55baa880cdb0_0, 27, 1;
L_0x55baa8825de0 .concat [ 1 1 1 1], L_0x55baa8825d40, L_0x55baa8825d40, L_0x55baa8825d40, L_0x55baa8825d40;
L_0x55baa8826070 .part v0x55baa880cdb0_0, 0, 28;
L_0x55baa8826110 .concat [ 28 4 0 0], L_0x55baa8826070, L_0x55baa8825de0;
L_0x55baa88263b0 .functor MUXZ 32, L_0x55baa8826110, L_0x55baa8825ac0, L_0x55baa88256c0, C4<>;
L_0x55baa88267b0 .concat [ 15 17 0 0], v0x55baa880b180_0, L_0x7f5679dcdac8;
L_0x55baa88269e0 .cmp/ne 32, L_0x55baa88267b0, L_0x7f5679dcdb10;
L_0x55baa8826c30 .concat [ 15 17 0 0], v0x55baa880b180_0, L_0x7f5679dcdb58;
L_0x55baa8826ec0 .cmp/ne 32, L_0x55baa8826c30, L_0x7f5679dcdba0;
L_0x55baa8826710 .concat [ 4 28 0 0], L_0x55baa88253f0, L_0x7f5679dcdbe8;
L_0x55baa88275b0 .cmp/eq 32, L_0x55baa8826710, L_0x7f5679dcdc30;
L_0x55baa88276f0 .arith/sub 32, L_0x7f5679dcdc78, v0x55baa880b730_0;
L_0x55baa8827a10 .functor MUXZ 32, v0x55baa880b730_0, L_0x55baa88276f0, L_0x55baa88275b0, C4<>;
L_0x55baa8827ba0 .part v0x55baa880b8f0_0, 0, 31;
L_0x55baa8827e10 .concat [ 31 1 0 0], L_0x55baa8827ba0, L_0x7f5679dcdcc0;
L_0x55baa8827f50 .part L_0x55baa8827a10, 0, 31;
L_0x55baa8828220 .concat [ 31 1 0 0], L_0x55baa8827f50, L_0x7f5679dcdd08;
L_0x55baa8828360 .arith/sum 32, L_0x55baa8827e10, L_0x55baa8828220;
L_0x55baa8828690 .concat [ 32 1 0 0], v0x55baa880b8f0_0, L_0x7f5679dcdd50;
L_0x55baa8828730 .concat [ 32 1 0 0], L_0x55baa8827a10, L_0x7f5679dcdd98;
L_0x55baa8828a20 .arith/sum 33, L_0x55baa8828690, L_0x55baa8828730;
L_0x55baa8828b60 .part L_0x55baa8828360, 31, 1;
L_0x55baa8828e60 .part L_0x55baa8828a20, 32, 1;
S_0x55baa87e77d0 .scope module, "cprint" "xcprint" 4 148, 8 4 0, S_0x55baa87e5bd0;
 .timescale -9 -12;
    .port_info 0 /INPUT 1 "clk";
    .port_info 1 /INPUT 1 "sel";
    .port_info 2 /INPUT 8 "data_in";
v0x55baa880bf80_0 .net "clk", 0 0, v0x55baa880f440_0;  alias, 1 drivers
v0x55baa880c090_0 .net "data_in", 7 0, L_0x55baa8829a50;  1 drivers
v0x55baa880c170_0 .net "sel", 0 0, L_0x55baa8829950;  1 drivers
S_0x55baa87e7ed0 .scope module, "ram" "xram" 4 85, 9 4 0, S_0x55baa87e5bd0;
 .timescale -9 -12;
    .port_info 0 /INPUT 1 "clk";
    .port_info 1 /INPUT 14 "pc";
    .port_info 2 /OUTPUT 32 "instruction";
    .port_info 3 /INPUT 1 "data_sel";
    .port_info 4 /INPUT 1 "data_we";
    .port_info 5 /INPUT 14 "data_addr";
    .port_info 6 /INPUT 32 "data_in";
    .port_info 7 /OUTPUT 32 "data_out";
L_0x55baa8829120 .functor BUFZ 14, L_0x55baa8829440, C4<00000000000000>, C4<00000000000000>, C4<00000000000000>;
L_0x55baa8829190 .functor BUFZ 1, L_0x55baa88271c0, C4<0>, C4<0>, C4<0>;
L_0x55baa8829230 .functor BUFZ 32, L_0x55baa8827230, C4<00000000000000000000000000000000>, C4<00000000000000000000000000000000>, C4<00000000000000000000000000000000>;
L_0x55baa88292d0 .functor BUFZ 1, v0x55baa8802900_0, C4<0>, C4<0>, C4<0>;
L_0x55baa88293a0 .functor BUFZ 32, v0x55baa880ca10_0, C4<00000000000000000000000000000000>, C4<00000000000000000000000000000000>, C4<00000000000000000000000000000000>;
v0x55baa880c450_0 .net "clk", 0 0, v0x55baa880f440_0;  alias, 1 drivers
v0x55baa880c4f0_0 .net "data_addr", 13 0, L_0x55baa8829440;  1 drivers
v0x55baa880c5d0_0 .net "data_addr_int", 13 0, L_0x55baa8829120;  1 drivers
v0x55baa880c690_0 .net "data_en_int", 0 0, L_0x55baa88292d0;  1 drivers
v0x55baa880c750_0 .net "data_in", 31 0, L_0x55baa8827230;  alias, 1 drivers
v0x55baa880c860_0 .net "data_in_int", 31 0, L_0x55baa8829230;  1 drivers
v0x55baa880c920_0 .net "data_out", 31 0, L_0x55baa88293a0;  alias, 1 drivers
v0x55baa880ca10_0 .var "data_out_int", 31 0;
v0x55baa880cad0_0 .net "data_sel", 0 0, v0x55baa8802900_0;  alias, 1 drivers
v0x55baa880cba0_0 .net "data_we", 0 0, L_0x55baa88271c0;  alias, 1 drivers
v0x55baa880cc70_0 .net "data_we_int", 0 0, L_0x55baa8829190;  1 drivers
L_0x7f5679dcdde0 .functor BUFT 1, C4<1>, C4<0>, C4<0>, C4<0>;
v0x55baa880cd10_0 .net "instr_en", 0 0, L_0x7f5679dcdde0;  1 drivers
v0x55baa880cdb0_0 .var "instruction", 31 0;
v0x55baa880cea0 .array "mem", 0 16383, 31 0;
v0x55baa880cf40_0 .net "pc", 13 0, v0x55baa880b810_0;  alias, 1 drivers
S_0x55baa87e85d0 .scope module, "regf" "xregf" 4 102, 10 4 0, S_0x55baa87e5bd0;
 .timescale -9 -12;
    .port_info 0 /INPUT 1 "clk";
    .port_info 1 /INPUT 1 "sel";
    .port_info 2 /INPUT 1 "we";
    .port_info 3 /INPUT 4 "addr";
    .port_info 4 /INPUT 32 "data_in";
    .port_info 5 /OUTPUT 32 "data_out";
v0x55baa880d1f0_0 .net *"_s0", 31 0, L_0x55baa88294e0;  1 drivers
v0x55baa880d2f0_0 .net *"_s2", 5 0, L_0x55baa88295b0;  1 drivers
L_0x7f5679dcde28 .functor BUFT 1, C4<00>, C4<0>, C4<0>, C4<0>;
v0x55baa880d3d0_0 .net *"_s5", 1 0, L_0x7f5679dcde28;  1 drivers
L_0x7f5679dcde70 .functor BUFT 1, C4<00000000000000000000000000000000>, C4<0>, C4<0>, C4<0>;
v0x55baa880d4c0_0 .net/2u *"_s6", 31 0, L_0x7f5679dcde70;  1 drivers
v0x55baa880d5a0_0 .net "addr", 3 0, L_0x55baa8829860;  1 drivers
v0x55baa880d6d0_0 .net "clk", 0 0, v0x55baa880f440_0;  alias, 1 drivers
v0x55baa880d770_0 .net "data_in", 31 0, L_0x55baa8827230;  alias, 1 drivers
v0x55baa880d830_0 .net "data_out", 31 0, L_0x55baa8829720;  alias, 1 drivers
v0x55baa880d8f0 .array "regf", 0 15, 31 0;
v0x55baa880db90_0 .net "sel", 0 0, v0x55baa8802aa0_0;  alias, 1 drivers
v0x55baa880dc30_0 .net "we", 0 0, L_0x55baa88271c0;  alias, 1 drivers
L_0x55baa88294e0 .array/port v0x55baa880d8f0, L_0x55baa88295b0;
L_0x55baa88295b0 .concat [ 4 2 0 0], L_0x55baa8829860, L_0x7f5679dcde28;
L_0x55baa8829720 .functor MUXZ 32, L_0x7f5679dcde70, L_0x55baa88294e0, v0x55baa8802aa0_0, C4<>;
    .scope S_0x55baa87e70d0;
T_0 ;
    %wait E_0x55baa8803050;
    %load/vec4 v0x55baa880b570_0;
    %pad/u 32;
    %cmpi/e 10, 0, 32;
    %flag_mov 8, 4;
    %load/vec4 v0x55baa880b570_0;
    %pad/u 32;
    %cmpi/e 11, 0, 32;
    %flag_or 4, 8;
    %jmp/0xz  T_0.0, 4;
    %load/vec4 v0x55baa880b9d0_0;
    %parti/s 15, 0, 2;
    %store/vec4 v0x55baa880b180_0, 0, 15;
    %jmp T_0.1;
T_0.0 ;
    %load/vec4 v0x55baa880ace0_0;
    %parti/s 15, 0, 2;
    %store/vec4 v0x55baa880b180_0, 0, 15;
T_0.1 ;
    %jmp T_0;
    .thread T_0, $push;
    .scope S_0x55baa87e70d0;
T_1 ;
    %wait E_0x55baa87ecf70;
    %pushi/vec4 0, 0, 32;
    %store/vec4 v0x55baa880b730_0, 0, 32;
    %load/vec4 v0x55baa880b0c0_0;
    %flag_set/vec4 8;
    %load/vec4 v0x55baa8809eb0_0;
    %flag_set/vec4 9;
    %flag_or 9, 8;
    %jmp/0xz  T_1.0, 9;
    %load/vec4 v0x55baa880b180_0;
    %pad/u 32;
    %cmpi/e 16400, 0, 32;
    %jmp/0xz  T_1.2, 4;
    %load/vec4 v0x55baa880b9d0_0;
    %store/vec4 v0x55baa880b730_0, 0, 32;
    %jmp T_1.3;
T_1.2 ;
    %load/vec4 v0x55baa880b180_0;
    %pad/u 32;
    %cmpi/e 16401, 0, 32;
    %jmp/0xz  T_1.4, 4;
    %load/vec4 v0x55baa880bab0_0;
    %store/vec4 v0x55baa880b730_0, 0, 32;
    %jmp T_1.5;
T_1.4 ;
    %load/vec4 v0x55baa880ada0_0;
    %flag_set/vec4 8;
    %jmp/0xz  T_1.6, 8;
    %load/vec4 v0x55baa880ace0_0;
    %store/vec4 v0x55baa880b730_0, 0, 32;
    %jmp T_1.7;
T_1.6 ;
    %load/vec4 v0x55baa880b400_0;
    %flag_set/vec4 8;
    %jmp/0xz  T_1.8, 8;
    %load/vec4 v0x55baa880b270_0;
    %store/vec4 v0x55baa880b730_0, 0, 32;
T_1.8 ;
T_1.7 ;
T_1.5 ;
T_1.3 ;
T_1.0 ;
    %jmp T_1;
    .thread T_1, $push;
    .scope S_0x55baa87e70d0;
T_2 ;
    %wait E_0x55baa87ea010;
    %load/vec4 v0x55baa880bb90_0;
    %flag_set/vec4 8;
    %jmp/0xz  T_2.0, 8;
    %pushi/vec4 0, 0, 14;
    %assign/vec4 v0x55baa880b810_0, 0;
    %jmp T_2.1;
T_2.0 ;
    %load/vec4 v0x55baa880b810_0;
    %addi 1, 0, 14;
    %assign/vec4 v0x55baa880b810_0, 0;
    %load/vec4 v0x55baa880b570_0;
    %pad/u 32;
    %pushi/vec4 12, 0, 32;
    %cmp/e;
    %flag_get/vec4 4;
    %load/vec4 v0x55baa880b8f0_0;
    %pushi/vec4 0, 0, 32;
    %cmp/e;
    %flag_get/vec4 4;
    %and;
    %flag_set/vec4 8;
    %jmp/0xz  T_2.2, 8;
    %load/vec4 v0x55baa880ace0_0;
    %parti/s 15, 0, 2;
    %pad/u 14;
    %assign/vec4 v0x55baa880b810_0, 0;
    %jmp T_2.3;
T_2.2 ;
    %load/vec4 v0x55baa880b570_0;
    %pad/u 32;
    %pushi/vec4 14, 0, 32;
    %cmp/e;
    %flag_get/vec4 4;
    %load/vec4 v0x55baa880b8f0_0;
    %pushi/vec4 0, 0, 32;
    %cmp/ne;
    %flag_get/vec4 4;
    %and;
    %flag_set/vec4 8;
    %jmp/0xz  T_2.4, 8;
    %load/vec4 v0x55baa880ace0_0;
    %parti/s 15, 0, 2;
    %pad/u 14;
    %assign/vec4 v0x55baa880b810_0, 0;
    %jmp T_2.5;
T_2.4 ;
    %load/vec4 v0x55baa880b570_0;
    %pad/u 32;
    %pushi/vec4 13, 0, 32;
    %cmp/e;
    %flag_get/vec4 4;
    %load/vec4 v0x55baa880b8f0_0;
    %pushi/vec4 0, 0, 32;
    %cmp/e;
    %flag_get/vec4 4;
    %and;
    %flag_set/vec4 8;
    %jmp/0xz  T_2.6, 8;
    %load/vec4 v0x55baa880b9d0_0;
    %parti/s 15, 0, 2;
    %pad/u 14;
    %assign/vec4 v0x55baa880b810_0, 0;
    %jmp T_2.7;
T_2.6 ;
    %load/vec4 v0x55baa880b570_0;
    %pad/u 32;
    %pushi/vec4 15, 0, 32;
    %cmp/e;
    %flag_get/vec4 4;
    %load/vec4 v0x55baa880b8f0_0;
    %pushi/vec4 0, 0, 32;
    %cmp/ne;
    %flag_get/vec4 4;
    %and;
    %flag_set/vec4 8;
    %jmp/0xz  T_2.8, 8;
    %load/vec4 v0x55baa880b9d0_0;
    %parti/s 15, 0, 2;
    %pad/u 14;
    %assign/vec4 v0x55baa880b810_0, 0;
T_2.8 ;
T_2.7 ;
T_2.5 ;
T_2.3 ;
T_2.1 ;
    %jmp T_2;
    .thread T_2;
    .scope S_0x55baa87e70d0;
T_3 ;
    %wait E_0x55baa87ea010;
    %load/vec4 v0x55baa880bb90_0;
    %flag_set/vec4 8;
    %jmp/0xz  T_3.0, 8;
    %pushi/vec4 0, 0, 32;
    %assign/vec4 v0x55baa880b8f0_0, 0;
    %jmp T_3.1;
T_3.0 ;
    %load/vec4 v0x55baa880b0c0_0;
    %flag_set/vec4 8;
    %jmp/0xz  T_3.2, 8;
    %load/vec4 v0x55baa880b650_0;
    %assign/vec4 v0x55baa880b8f0_0, 0;
    %jmp T_3.3;
T_3.2 ;
    %load/vec4 v0x55baa8809eb0_0;
    %flag_set/vec4 8;
    %jmp/0xz  T_3.4, 8;
    %load/vec4 v0x55baa880a030_0;
    %pad/u 32;
    %assign/vec4 v0x55baa880b8f0_0, 0;
    %jmp T_3.5;
T_3.4 ;
    %load/vec4 v0x55baa880a1f0_0;
    %flag_set/vec4 8;
    %jmp/0xz  T_3.6, 8;
    %load/vec4 v0x55baa880b8f0_0;
    %subi 1, 0, 32;
    %assign/vec4 v0x55baa880b8f0_0, 0;
T_3.6 ;
T_3.5 ;
T_3.3 ;
T_3.1 ;
    %jmp T_3;
    .thread T_3;
    .scope S_0x55baa87e70d0;
T_4 ;
    %wait E_0x55baa87ea010;
    %load/vec4 v0x55baa880bb90_0;
    %flag_set/vec4 8;
    %jmp/0xz  T_4.0, 8;
    %pushi/vec4 0, 0, 32;
    %assign/vec4 v0x55baa880b9d0_0, 0;
    %jmp T_4.1;
T_4.0 ;
    %load/vec4 v0x55baa880b180_0;
    %pad/u 32;
    %pushi/vec4 16400, 0, 32;
    %cmp/e;
    %flag_get/vec4 4;
    %load/vec4 v0x55baa880b4d0_0;
    %and;
    %flag_set/vec4 8;
    %jmp/0xz  T_4.2, 8;
    %load/vec4 v0x55baa880b8f0_0;
    %assign/vec4 v0x55baa880b9d0_0, 0;
T_4.2 ;
T_4.1 ;
    %jmp T_4;
    .thread T_4;
    .scope S_0x55baa87e70d0;
T_5 ;
    %wait E_0x55baa87ea010;
    %load/vec4 v0x55baa880bb90_0;
    %flag_set/vec4 8;
    %jmp/0xz  T_5.0, 8;
    %pushi/vec4 0, 0, 32;
    %assign/vec4 v0x55baa880bab0_0, 0;
    %jmp T_5.1;
T_5.0 ;
    %load/vec4 v0x55baa8809eb0_0;
    %flag_set/vec4 8;
    %jmp/0xz  T_5.2, 8;
    %load/vec4 v0x55baa8809df0_0;
    %load/vec4 v0x55baa8809f70_0;
    %concat/vec4; draw_concat_vec4
    %load/vec4 v0x55baa8809af0_0;
    %concat/vec4; draw_concat_vec4
    %pad/u 32;
    %pushi/vec4 0, 0, 32;
    %or;
    %assign/vec4 v0x55baa880bab0_0, 0;
T_5.2 ;
T_5.1 ;
    %jmp T_5;
    .thread T_5;
    .scope S_0x55baa87e70d0;
T_6 ;
    %wait E_0x55baa87ece20;
    %pushi/vec4 0, 0, 33;
    %store/vec4 v0x55baa880a030_0, 0, 33;
    %pushi/vec4 0, 0, 1;
    %store/vec4 v0x55baa8809af0_0, 0, 1;
    %pushi/vec4 0, 0, 1;
    %store/vec4 v0x55baa8809df0_0, 0, 1;
    %pushi/vec4 0, 0, 1;
    %store/vec4 v0x55baa8809f70_0, 0, 1;
    %load/vec4 v0x55baa8809a30_0;
    %flag_set/vec4 8;
    %jmp/0xz  T_6.0, 8;
    %load/vec4 v0x55baa8809950_0;
    %store/vec4 v0x55baa880a030_0, 0, 33;
    %load/vec4 v0x55baa880a2b0_0;
    %store/vec4 v0x55baa8809af0_0, 0, 1;
    %load/vec4 v0x55baa880a2b0_0;
    %load/vec4 v0x55baa880ab80_0;
    %xor;
    %store/vec4 v0x55baa8809f70_0, 0, 1;
    %load/vec4 v0x55baa8809950_0;
    %parti/s 1, 31, 6;
    %store/vec4 v0x55baa8809df0_0, 0, 1;
    %jmp T_6.1;
T_6.0 ;
    %load/vec4 v0x55baa880b570_0;
    %pad/u 32;
    %cmpi/e 3, 0, 32;
    %jmp/0xz  T_6.2, 4;
    %load/vec4 v0x55baa880b650_0;
    %parti/s 1, 31, 6;
    %flag_set/vec4 8;
    %jmp/0xz  T_6.4, 8;
    %load/vec4 v0x55baa880b8f0_0;
    %pad/u 33;
    %ix/load 4, 1, 0;
    %flag_set/imm 4, 0;
    %shiftl 4;
    %store/vec4 v0x55baa880a030_0, 0, 33;
    %load/vec4 v0x55baa880b8f0_0;
    %parti/s 1, 31, 6;
    %store/vec4 v0x55baa8809af0_0, 0, 1;
    %load/vec4 v0x55baa880b8f0_0;
    %parti/s 1, 31, 6;
    %load/vec4 v0x55baa880b8f0_0;
    %parti/s 1, 30, 6;
    %xor;
    %store/vec4 v0x55baa8809f70_0, 0, 1;
    %load/vec4 v0x55baa880b8f0_0;
    %parti/s 1, 30, 6;
    %store/vec4 v0x55baa8809df0_0, 0, 1;
    %jmp T_6.5;
T_6.4 ;
    %load/vec4 v0x55baa880b8f0_0;
    %parti/s 1, 31, 6;
    %load/vec4 v0x55baa880b8f0_0;
    %parti/s 31, 1, 2;
    %concat/vec4; draw_concat_vec4
    %pad/u 33;
    %store/vec4 v0x55baa880a030_0, 0, 33;
    %pushi/vec4 0, 0, 1;
    %store/vec4 v0x55baa8809af0_0, 0, 1;
    %pushi/vec4 0, 0, 1;
    %store/vec4 v0x55baa8809f70_0, 0, 1;
    %load/vec4 v0x55baa880b8f0_0;
    %parti/s 1, 31, 6;
    %store/vec4 v0x55baa8809df0_0, 0, 1;
T_6.5 ;
    %jmp T_6.3;
T_6.2 ;
    %load/vec4 v0x55baa880b570_0;
    %pad/u 32;
    %cmpi/e 4, 0, 32;
    %jmp/0xz  T_6.6, 4;
    %load/vec4 v0x55baa880a110_0;
    %pad/u 33;
    %store/vec4 v0x55baa880a030_0, 0, 33;
    %pushi/vec4 0, 0, 1;
    %store/vec4 v0x55baa8809af0_0, 0, 1;
    %load/vec4 v0x55baa880a110_0;
    %parti/s 1, 31, 6;
    %store/vec4 v0x55baa8809df0_0, 0, 1;
    %pushi/vec4 0, 0, 1;
    %store/vec4 v0x55baa8809f70_0, 0, 1;
    %jmp T_6.7;
T_6.6 ;
    %load/vec4 v0x55baa880b570_0;
    %pad/u 32;
    %cmpi/e 5, 0, 32;
    %jmp/0xz  T_6.8, 4;
    %load/vec4 v0x55baa880bd10_0;
    %pad/u 33;
    %store/vec4 v0x55baa880a030_0, 0, 33;
    %pushi/vec4 0, 0, 1;
    %store/vec4 v0x55baa8809af0_0, 0, 1;
    %load/vec4 v0x55baa880bd10_0;
    %parti/s 1, 31, 6;
    %store/vec4 v0x55baa8809df0_0, 0, 1;
    %pushi/vec4 0, 0, 1;
    %store/vec4 v0x55baa8809f70_0, 0, 1;
T_6.8 ;
T_6.7 ;
T_6.3 ;
T_6.1 ;
    %jmp T_6;
    .thread T_6, $push;
    .scope S_0x55baa87e7ed0;
T_7 ;
    %vpi_call/w 9 63 "$readmemh", "./program.hex", v0x55baa880cea0, 32'sb00000000000000000000000000000000, 32'sb00000000000000000011111111111111 {0 0 0};
    %end;
    .thread T_7;
    .scope S_0x55baa87e7ed0;
T_8 ;
    %wait E_0x55baa8780240;
    %load/vec4 v0x55baa880cd10_0;
    %flag_set/vec4 8;
    %jmp/0xz  T_8.0, 8;
    %load/vec4 v0x55baa880cf40_0;
    %pad/u 16;
    %ix/vec4 4;
    %load/vec4a v0x55baa880cea0, 4;
    %assign/vec4 v0x55baa880cdb0_0, 0;
T_8.0 ;
    %jmp T_8;
    .thread T_8;
    .scope S_0x55baa87e7ed0;
T_9 ;
    %wait E_0x55baa8780240;
    %load/vec4 v0x55baa880c690_0;
    %flag_set/vec4 8;
    %jmp/0xz  T_9.0, 8;
    %load/vec4 v0x55baa880cc70_0;
    %flag_set/vec4 8;
    %jmp/0xz  T_9.2, 8;
    %load/vec4 v0x55baa880c860_0;
    %load/vec4 v0x55baa880c5d0_0;
    %pad/u 16;
    %ix/vec4 3;
    %ix/load 4, 0, 0; Constant delay
    %assign/vec4/a/d v0x55baa880cea0, 0, 4;
T_9.2 ;
    %load/vec4 v0x55baa880c5d0_0;
    %pad/u 16;
    %ix/vec4 4;
    %load/vec4a v0x55baa880cea0, 4;
    %assign/vec4 v0x55baa880ca10_0, 0;
T_9.0 ;
    %jmp T_9;
    .thread T_9;
    .scope S_0x55baa87e85d0;
T_10 ;
    %wait E_0x55baa8780240;
    %load/vec4 v0x55baa880db90_0;
    %load/vec4 v0x55baa880dc30_0;
    %and;
    %flag_set/vec4 8;
    %jmp/0xz  T_10.0, 8;
    %load/vec4 v0x55baa880d770_0;
    %load/vec4 v0x55baa880d5a0_0;
    %pad/u 6;
    %ix/vec4 3;
    %ix/load 4, 0, 0; Constant delay
    %assign/vec4/a/d v0x55baa880d8f0, 0, 4;
T_10.0 ;
    %jmp T_10;
    .thread T_10;
    .scope S_0x55baa87e69d0;
T_11 ;
    %wait E_0x55baa8759940;
    %pushi/vec4 0, 0, 1;
    %store/vec4 v0x55baa8802900_0, 0, 1;
    %pushi/vec4 0, 0, 1;
    %store/vec4 v0x55baa8802aa0_0, 0, 1;
    %pushi/vec4 0, 0, 1;
    %store/vec4 v0x55baa87d4ed0_0, 0, 1;
    %pushi/vec4 0, 0, 1;
    %store/vec4 v0x55baa87d4920_0, 0, 1;
    %pushi/vec4 0, 0, 1;
    %store/vec4 v0x55baa8802760_0, 0, 1;
    %pushi/vec4 0, 0, 1;
    %store/vec4 v0x55baa8802c20_0, 0, 1;
    %load/vec4 v0x55baa87d4e30_0;
    %pad/u 32;
    %pushi/vec4 16384, 0, 32;
    %and;
    %cmpi/e 0, 0, 32;
    %jmp/0xz  T_11.0, 4;
    %load/vec4 v0x55baa8802b60_0;
    %store/vec4 v0x55baa8802900_0, 0, 1;
    %jmp T_11.1;
T_11.0 ;
    %load/vec4 v0x55baa87d4e30_0;
    %pad/u 32;
    %pushi/vec4 32752, 0, 32;
    %and;
    %cmpi/e 16384, 0, 32;
    %jmp/0xz  T_11.2, 4;
    %load/vec4 v0x55baa8802b60_0;
    %store/vec4 v0x55baa8802aa0_0, 0, 1;
    %jmp T_11.3;
T_11.2 ;
    %load/vec4 v0x55baa87d4e30_0;
    %pad/u 32;
    %pushi/vec4 32767, 0, 32;
    %and;
    %cmpi/e 20480, 0, 32;
    %jmp/0xz  T_11.4, 4;
    %load/vec4 v0x55baa8802b60_0;
    %store/vec4 v0x55baa87d4ed0_0, 0, 1;
    %jmp T_11.5;
T_11.4 ;
    %load/vec4 v0x55baa87d4e30_0;
    %pad/u 32;
    %pushi/vec4 32767, 0, 32;
    %and;
    %cmpi/e 20481, 0, 32;
    %jmp/0xz  T_11.6, 4;
    %load/vec4 v0x55baa8802b60_0;
    %store/vec4 v0x55baa87d4920_0, 0, 1;
    %jmp T_11.7;
T_11.6 ;
    %load/vec4 v0x55baa8802b60_0;
    %store/vec4 v0x55baa8802c20_0, 0, 1;
T_11.7 ;
T_11.5 ;
T_11.3 ;
T_11.1 ;
    %jmp T_11;
    .thread T_11, $push;
    .scope S_0x55baa87e69d0;
T_12 ;
    %wait E_0x55baa877fe60;
    %pushi/vec4 0, 0, 32;
    %store/vec4 v0x55baa8802550_0, 0, 32;
    %load/vec4 v0x55baa8802900_0;
    %flag_set/vec4 8;
    %jmp/0xz  T_12.0, 8;
    %load/vec4 v0x55baa8802820_0;
    %store/vec4 v0x55baa8802550_0, 0, 32;
    %jmp T_12.1;
T_12.0 ;
    %load/vec4 v0x55baa8802aa0_0;
    %flag_set/vec4 8;
    %jmp/0xz  T_12.2, 8;
    %load/vec4 v0x55baa88029c0_0;
    %store/vec4 v0x55baa8802550_0, 0, 32;
    %jmp T_12.3;
T_12.2 ;
    %load/vec4 v0x55baa8802760_0;
    %flag_set/vec4 8;
    %jmp/0xz  T_12.4, 8;
    %load/vec4 v0x55baa8802630_0;
    %store/vec4 v0x55baa8802550_0, 0, 32;
T_12.4 ;
T_12.3 ;
T_12.1 ;
    %jmp T_12;
    .thread T_12, $push;
    .scope S_0x55baa87e77d0;
T_13 ;
    %wait E_0x55baa8780240;
    %load/vec4 v0x55baa880c170_0;
    %flag_set/vec4 8;
    %jmp/0xz  T_13.0, 8;
    %vpi_call/w 8 12 "$write", "%c", v0x55baa880c090_0 {0 0 0};
T_13.0 ;
    %jmp T_13;
    .thread T_13;
    .scope S_0x55baa87e62d0;
T_14 ;
    %wait E_0x55baa8780240;
    %load/vec4 v0x55baa87d4880_0;
    %flag_set/vec4 8;
    %jmp/0xz  T_14.0, 8;
    %load/vec4 v0x55baa87d4080_0;
    %store/vec4 v0x55baa87e0f60_0, 0, 8;
T_14.0 ;
    %jmp T_14;
    .thread T_14;
    .scope S_0x55baa87e8cd0;
T_15 ;
    %vpi_call/w 3 46 "$dumpfile", "xtop.vcd" {0 0 0};
    %vpi_call/w 3 47 "$dumpvars", 32'sb00000000000000000000000000000000, S_0x55baa87e8cd0 {0 0 0};
    %pushi/vec4 1, 0, 1;
    %store/vec4 v0x55baa880f440_0, 0, 1;
    %pushi/vec4 0, 0, 1;
    %store/vec4 v0x55baa88106e0_0, 0, 1;
    %pushi/vec4 0, 0, 32;
    %store/vec4 v0x55baa880f740_0, 0, 32;
    %delay 11000, 0;
    %pushi/vec4 1, 0, 1;
    %store/vec4 v0x55baa88106e0_0, 0, 1;
    %delay 10000, 0;
    %pushi/vec4 0, 0, 1;
    %store/vec4 v0x55baa88106e0_0, 0, 1;
    %vpi_func 3 66 "$time" 64 {0 0 0};
    %pad/u 32;
    %store/vec4 v0x55baa8810780_0, 0, 32;
    %pushi/vec4 0, 0, 32;
    %store/vec4 v0x55baa880f5c0_0, 0, 32;
T_15.0 ;
    %load/vec4 v0x55baa880f5c0_0;
    %cmpi/s 16, 0, 32;
    %jmp/0xz T_15.1, 5;
    %ix/getv/s 4, v0x55baa880f5c0_0;
    %load/vec4a v0x55baa880d8f0, 4;
    %ix/getv/s 4, v0x55baa880f5c0_0;
    %store/vec4a v0x55baa880f500, 4, 0;
    %load/vec4 v0x55baa880f5c0_0;
    %addi 1, 0, 32;
    %store/vec4 v0x55baa880f5c0_0, 0, 32;
    %jmp T_15.0;
T_15.1 ;
    %vpi_call/w 3 75 "$writememh", "data_out.hex", v0x55baa880f500, 32'sb00000000000000000000000000000000, 32'sb00000000000000000000000000001111 {0 0 0};
    %end;
    .thread T_15;
    .scope S_0x55baa87e8cd0;
T_16 ;
    %wait E_0x55baa8780240;
    %load/vec4 v0x55baa8810860_0;
    %flag_set/vec4 8;
    %jmp/0xz  T_16.0, 8;
    %vpi_func 3 85 "$time" 64 {0 0 0};
    %load/vec4 v0x55baa8810780_0;
    %pad/u 64;
    %sub;
    %pushi/vec4 10, 0, 64;
    %div;
    %vpi_call/w 3 85 "$display", "Catched Trap at time  %0d clock cycles:", S<0,vec4,u64> {1 0 0};
    %vpi_call/w 3 86 "$finish" {0 0 0};
T_16.0 ;
    %jmp T_16;
    .thread T_16;
    .scope S_0x55baa87e8cd0;
T_17 ;
    %delay 5000, 0;
    %load/vec4 v0x55baa880f440_0;
    %inv;
    %store/vec4 v0x55baa880f440_0, 0, 1;
    %jmp T_17;
    .thread T_17;
# The file index is used to find the file name in the following table.
:file_names 11;
    "N/A";
    "<interactive>";
    "-";
    "../../rtl/testbench/xtop_tb.v";
    "../../rtl/src/xtop.v";
    "../../rtl/src/LED.v";
    "../../rtl/src/xaddr_decoder.v";
    "../../rtl/src/xctrl.v";
    "../../rtl/src/xcprint.v";
    "../../rtl/src/xram.v";
    "../../rtl/src/xregf.v";
